[2021-02-01 13:38:03] local.ERROR: SQLSTATE[HY000] [1049] Unknown database 'instagram' (SQL: SHOW FULL TABLES WHERE table_type = 'BASE TABLE') {"exception":"[object] (Illuminate\\Database\\QueryException(code: 1049): SQLSTATE[HY000] [1049] Unknown database 'instagram' (SQL: SHOW FULL TABLES WHERE table_type = 'BASE TABLE') at /opt/lampp/htdocs/instagram/vendor/laravel/framework/src/Illuminate/Database/Connection.php:671)
[stacktrace]
#0 /opt/lampp/htdocs/instagram/vendor/laravel/framework/src/Illuminate/Database/Connection.php(631): Illuminate\\Database\\Connection->runQueryCallback()
#1 /opt/lampp/htdocs/instagram/vendor/laravel/framework/src/Illuminate/Database/Connection.php(339): Illuminate\\Database\\Connection->run()
#2 /opt/lampp/htdocs/instagram/vendor/laravel/framework/src/Illuminate/Database/Schema/MySqlBuilder.php(99): Illuminate\\Database\\Connection->select()
#3 /opt/lampp/htdocs/instagram/vendor/laravel/framework/src/Illuminate/Database/Schema/MySqlBuilder.php(48): Illuminate\\Database\\Schema\\MySqlBuilder->getAllTables()
#4 /opt/lampp/htdocs/instagram/vendor/laravel/framework/src/Illuminate/Database/Console/WipeCommand.php(69): Illuminate\\Database\\Schema\\MySqlBuilder->dropAllTables()
#5 /opt/lampp/htdocs/instagram/vendor/laravel/framework/src/Illuminate/Database/Console/WipeCommand.php(46): Illuminate\\Database\\Console\\WipeCommand->dropAllTables()
#6 /opt/lampp/htdocs/instagram/vendor/laravel/framework/src/Illuminate/Container/BoundMethod.php(36): Illuminate\\Database\\Console\\WipeCommand->handle()
#7 /opt/lampp/htdocs/instagram/vendor/laravel/framework/src/Illuminate/Container/Util.php(37): Illuminate\\Container\\BoundMethod::Illuminate\\Container\\{closure}()
#8 /opt/lampp/htdocs/instagram/vendor/laravel/framework/src/Illuminate/Container/BoundMethod.php(93): Illuminate\\Container\\Util::unwrapIfClosure()
#9 /opt/lampp/htdocs/instagram/vendor/laravel/framework/src/Illuminate/Container/BoundMethod.php(37): Illuminate\\Container\\BoundMethod::callBoundMethod()
#10 /opt/lampp/htdocs/instagram/vendor/laravel/framework/src/Illuminate/Container/Container.php(596): Illuminate\\Container\\BoundMethod::call()
#11 /opt/lampp/htdocs/instagram/vendor/laravel/framework/src/Illuminate/Console/Command.php(134): Illuminate\\Container\\Container->call()
#12 /opt/lampp/htdocs/instagram/vendor/symfony/console/Command/Command.php(258): Illuminate\\Console\\Command->execute()
#13 /opt/lampp/htdocs/instagram/vendor/laravel/framework/src/Illuminate/Console/Command.php(121): Symfony\\Component\\Console\\Command\\Command->run()
#14 /opt/lampp/htdocs/instagram/vendor/laravel/framework/src/Illuminate/Console/Concerns/CallsCommands.php(56): Illuminate\\Console\\Command->run()
#15 /opt/lampp/htdocs/instagram/vendor/laravel/framework/src/Illuminate/Console/Concerns/CallsCommands.php(28): Illuminate\\Console\\Command->runCommand()
#16 /opt/lampp/htdocs/instagram/vendor/laravel/framework/src/Illuminate/Database/Console/Migrations/FreshCommand.php(41): Illuminate\\Console\\Command->call()
#17 /opt/lampp/htdocs/instagram/vendor/laravel/framework/src/Illuminate/Container/BoundMethod.php(36): Illuminate\\Database\\Console\\Migrations\\FreshCommand->handle()
#18 /opt/lampp/htdocs/instagram/vendor/laravel/framework/src/Illuminate/Container/Util.php(37): Illuminate\\Container\\BoundMethod::Illuminate\\Container\\{closure}()
#19 /opt/lampp/htdocs/instagram/vendor/laravel/framework/src/Illuminate/Container/BoundMethod.php(93): Illuminate\\Container\\Util::unwrapIfClosure()
#20 /opt/lampp/htdocs/instagram/vendor/laravel/framework/src/Illuminate/Container/BoundMethod.php(37): Illuminate\\Container\\BoundMethod::callBoundMethod()
#21 /opt/lampp/htdocs/instagram/vendor/laravel/framework/src/Illuminate/Container/Container.php(596): Illuminate\\Container\\BoundMethod::call()
#22 /opt/lampp/htdocs/instagram/vendor/laravel/framework/src/Illuminate/Console/Command.php(134): Illuminate\\Container\\Container->call()
#23 /opt/lampp/htdocs/instagram/vendor/symfony/console/Command/Command.php(258): Illuminate\\Console\\Command->execute()
#24 /opt/lampp/htdocs/instagram/vendor/laravel/framework/src/Illuminate/Console/Command.php(121): Symfony\\Component\\Console\\Command\\Command->run()
#25 /opt/lampp/htdocs/instagram/vendor/symfony/console/Application.php(920): Illuminate\\Console\\Command->run()
#26 /opt/lampp/htdocs/instagram/vendor/symfony/console/Application.php(266): Symfony\\Component\\Console\\Application->doRunCommand()
#27 /opt/lampp/htdocs/instagram/vendor/symfony/console/Application.php(142): Symfony\\Component\\Console\\Application->doRun()
#28 /opt/lampp/htdocs/instagram/vendor/laravel/framework/src/Illuminate/Console/Application.php(93): Symfony\\Component\\Console\\Application->run()
#29 /opt/lampp/htdocs/instagram/vendor/laravel/framework/src/Illuminate/Foundation/Console/Kernel.php(129): Illuminate\\Console\\Application->run()
#30 /opt/lampp/htdocs/instagram/artisan(37): Illuminate\\Foundation\\Console\\Kernel->handle()
#31 {main}

[previous exception] [object] (PDOException(code: 1049): SQLSTATE[HY000] [1049] Unknown database 'instagram' at /opt/lampp/htdocs/instagram/vendor/laravel/framework/src/Illuminate/Database/Connectors/Connector.php:70)
[stacktrace]
#0 /opt/lampp/htdocs/instagram/vendor/laravel/framework/src/Illuminate/Database/Connectors/Connector.php(70): PDO->__construct()
#1 /opt/lampp/htdocs/instagram/vendor/laravel/framework/src/Illuminate/Database/Connectors/Connector.php(46): Illuminate\\Database\\Connectors\\Connector->createPdoConnection()
#2 /opt/lampp/htdocs/instagram/vendor/laravel/framework/src/Illuminate/Database/Connectors/MySqlConnector.php(24): Illuminate\\Database\\Connectors\\Connector->createConnection()
#3 /opt/lampp/htdocs/instagram/vendor/laravel/framework/src/Illuminate/Database/Connectors/ConnectionFactory.php(184): Illuminate\\Database\\Connectors\\MySqlConnector->connect()
#4 [internal function]: Illuminate\\Database\\Connectors\\ConnectionFactory->Illuminate\\Database\\Connectors\\{closure}()
#5 /opt/lampp/htdocs/instagram/vendor/laravel/framework/src/Illuminate/Database/Connection.php(926): call_user_func()
#6 /opt/lampp/htdocs/instagram/vendor/laravel/framework/src/Illuminate/Database/Connection.php(961): Illuminate\\Database\\Connection->getPdo()
#7 /opt/lampp/htdocs/instagram/vendor/laravel/framework/src/Illuminate/Database/Connection.php(405): Illuminate\\Database\\Connection->getReadPdo()
#8 /opt/lampp/htdocs/instagram/vendor/laravel/framework/src/Illuminate/Database/Connection.php(331): Illuminate\\Database\\Connection->getPdoForSelect()
#9 /opt/lampp/htdocs/instagram/vendor/laravel/framework/src/Illuminate/Database/Connection.php(664): Illuminate\\Database\\Connection->Illuminate\\Database\\{closure}()
#10 /opt/lampp/htdocs/instagram/vendor/laravel/framework/src/Illuminate/Database/Connection.php(631): Illuminate\\Database\\Connection->runQueryCallback()
#11 /opt/lampp/htdocs/instagram/vendor/laravel/framework/src/Illuminate/Database/Connection.php(339): Illuminate\\Database\\Connection->run()
#12 /opt/lampp/htdocs/instagram/vendor/laravel/framework/src/Illuminate/Database/Schema/MySqlBuilder.php(99): Illuminate\\Database\\Connection->select()
#13 /opt/lampp/htdocs/instagram/vendor/laravel/framework/src/Illuminate/Database/Schema/MySqlBuilder.php(48): Illuminate\\Database\\Schema\\MySqlBuilder->getAllTables()
#14 /opt/lampp/htdocs/instagram/vendor/laravel/framework/src/Illuminate/Database/Console/WipeCommand.php(69): Illuminate\\Database\\Schema\\MySqlBuilder->dropAllTables()
#15 /opt/lampp/htdocs/instagram/vendor/laravel/framework/src/Illuminate/Database/Console/WipeCommand.php(46): Illuminate\\Database\\Console\\WipeCommand->dropAllTables()
#16 /opt/lampp/htdocs/instagram/vendor/laravel/framework/src/Illuminate/Container/BoundMethod.php(36): Illuminate\\Database\\Console\\WipeCommand->handle()
#17 /opt/lampp/htdocs/instagram/vendor/laravel/framework/src/Illuminate/Container/Util.php(37): Illuminate\\Container\\BoundMethod::Illuminate\\Container\\{closure}()
#18 /opt/lampp/htdocs/instagram/vendor/laravel/framework/src/Illuminate/Container/BoundMethod.php(93): Illuminate\\Container\\Util::unwrapIfClosure()
#19 /opt/lampp/htdocs/instagram/vendor/laravel/framework/src/Illuminate/Container/BoundMethod.php(37): Illuminate\\Container\\BoundMethod::callBoundMethod()
#20 /opt/lampp/htdocs/instagram/vendor/laravel/framework/src/Illuminate/Container/Container.php(596): Illuminate\\Container\\BoundMethod::call()
#21 /opt/lampp/htdocs/instagram/vendor/laravel/framework/src/Illuminate/Console/Command.php(134): Illuminate\\Container\\Container->call()
#22 /opt/lampp/htdocs/instagram/vendor/symfony/console/Command/Command.php(258): Illuminate\\Console\\Command->execute()
#23 /opt/lampp/htdocs/instagram/vendor/laravel/framework/src/Illuminate/Console/Command.php(121): Symfony\\Component\\Console\\Command\\Command->run()
#24 /opt/lampp/htdocs/instagram/vendor/laravel/framework/src/Illuminate/Console/Concerns/CallsCommands.php(56): Illuminate\\Console\\Command->run()
#25 /opt/lampp/htdocs/instagram/vendor/laravel/framework/src/Illuminate/Console/Concerns/CallsCommands.php(28): Illuminate\\Console\\Command->runCommand()
#26 /opt/lampp/htdocs/instagram/vendor/laravel/framework/src/Illuminate/Database/Console/Migrations/FreshCommand.php(41): Illuminate\\Console\\Command->call()
#27 /opt/lampp/htdocs/instagram/vendor/laravel/framework/src/Illuminate/Container/BoundMethod.php(36): Illuminate\\Database\\Console\\Migrations\\FreshCommand->handle()
#28 /opt/lampp/htdocs/instagram/vendor/laravel/framework/src/Illuminate/Container/Util.php(37): Illuminate\\Container\\BoundMethod::Illuminate\\Container\\{closure}()
#29 /opt/lampp/htdocs/instagram/vendor/laravel/framework/src/Illuminate/Container/BoundMethod.php(93): Illuminate\\Container\\Util::unwrapIfClosure()
#30 /opt/lampp/htdocs/instagram/vendor/laravel/framework/src/Illuminate/Container/BoundMethod.php(37): Illuminate\\Container\\BoundMethod::callBoundMethod()
#31 /opt/lampp/htdocs/instagram/vendor/laravel/framework/src/Illuminate/Container/Container.php(596): Illuminate\\Container\\BoundMethod::call()
#32 /opt/lampp/htdocs/instagram/vendor/laravel/framework/src/Illuminate/Console/Command.php(134): Illuminate\\Container\\Container->call()
#33 /opt/lampp/htdocs/instagram/vendor/symfony/console/Command/Command.php(258): Illuminate\\Console\\Command->execute()
#34 /opt/lampp/htdocs/instagram/vendor/laravel/framework/src/Illuminate/Console/Command.php(121): Symfony\\Component\\Console\\Command\\Command->run()
#35 /opt/lampp/htdocs/instagram/vendor/symfony/console/Application.php(920): Illuminate\\Console\\Command->run()
#36 /opt/lampp/htdocs/instagram/vendor/symfony/console/Application.php(266): Symfony\\Component\\Console\\Application->doRunCommand()
#37 /opt/lampp/htdocs/instagram/vendor/symfony/console/Application.php(142): Symfony\\Component\\Console\\Application->doRun()
#38 /opt/lampp/htdocs/instagram/vendor/laravel/framework/src/Illuminate/Console/Application.php(93): Symfony\\Component\\Console\\Application->run()
#39 /opt/lampp/htdocs/instagram/vendor/laravel/framework/src/Illuminate/Foundation/Console/Kernel.php(129): Illuminate\\Console\\Application->run()
#40 /opt/lampp/htdocs/instagram/artisan(37): Illuminate\\Foundation\\Console\\Kernel->handle()
#41 {main}
"} 
[2021-02-01 13:38:31] local.ERROR: SQLSTATE[HY000] [1049] Unknown database 'instagram' (SQL: SHOW FULL TABLES WHERE table_type = 'BASE TABLE') {"exception":"[object] (Illuminate\\Database\\QueryException(code: 1049): SQLSTATE[HY000] [1049] Unknown database 'instagram' (SQL: SHOW FULL TABLES WHERE table_type = 'BASE TABLE') at /opt/lampp/htdocs/instagram/vendor/laravel/framework/src/Illuminate/Database/Connection.php:671)
[stacktrace]
#0 /opt/lampp/htdocs/instagram/vendor/laravel/framework/src/Illuminate/Database/Connection.php(631): Illuminate\\Database\\Connection->runQueryCallback()
#1 /opt/lampp/htdocs/instagram/vendor/laravel/framework/src/Illuminate/Database/Connection.php(339): Illuminate\\Database\\Connection->run()
#2 /opt/lampp/htdocs/instagram/vendor/laravel/framework/src/Illuminate/Database/Schema/MySqlBuilder.php(99): Illuminate\\Database\\Connection->select()
#3 /opt/lampp/htdocs/instagram/vendor/laravel/framework/src/Illuminate/Database/Schema/MySqlBuilder.php(48): Illuminate\\Database\\Schema\\MySqlBuilder->getAllTables()
#4 /opt/lampp/htdocs/instagram/vendor/laravel/framework/src/Illuminate/Database/Console/WipeCommand.php(69): Illuminate\\Database\\Schema\\MySqlBuilder->dropAllTables()
#5 /opt/lampp/htdocs/instagram/vendor/laravel/framework/src/Illuminate/Database/Console/WipeCommand.php(46): Illuminate\\Database\\Console\\WipeCommand->dropAllTables()
#6 /opt/lampp/htdocs/instagram/vendor/laravel/framework/src/Illuminate/Container/BoundMethod.php(36): Illuminate\\Database\\Console\\WipeCommand->handle()
#7 /opt/lampp/htdocs/instagram/vendor/laravel/framework/src/Illuminate/Container/Util.php(37): Illuminate\\Container\\BoundMethod::Illuminate\\Container\\{closure}()
#8 /opt/lampp/htdocs/instagram/vendor/laravel/framework/src/Illuminate/Container/BoundMethod.php(93): Illuminate\\Container\\Util::unwrapIfClosure()
#9 /opt/lampp/htdocs/instagram/vendor/laravel/framework/src/Illuminate/Container/BoundMethod.php(37): Illuminate\\Container\\BoundMethod::callBoundMethod()
#10 /opt/lampp/htdocs/instagram/vendor/laravel/framework/src/Illuminate/Container/Container.php(596): Illuminate\\Container\\BoundMethod::call()
#11 /opt/lampp/htdocs/instagram/vendor/laravel/framework/src/Illuminate/Console/Command.php(134): Illuminate\\Container\\Container->call()
#12 /opt/lampp/htdocs/instagram/vendor/symfony/console/Command/Command.php(258): Illuminate\\Console\\Command->execute()
#13 /opt/lampp/htdocs/instagram/vendor/laravel/framework/src/Illuminate/Console/Command.php(121): Symfony\\Component\\Console\\Command\\Command->run()
#14 /opt/lampp/htdocs/instagram/vendor/laravel/framework/src/Illuminate/Console/Concerns/CallsCommands.php(56): Illuminate\\Console\\Command->run()
#15 /opt/lampp/htdocs/instagram/vendor/laravel/framework/src/Illuminate/Console/Concerns/CallsCommands.php(28): Illuminate\\Console\\Command->runCommand()
#16 /opt/lampp/htdocs/instagram/vendor/laravel/framework/src/Illuminate/Database/Console/Migrations/FreshCommand.php(41): Illuminate\\Console\\Command->call()
#17 /opt/lampp/htdocs/instagram/vendor/laravel/framework/src/Illuminate/Container/BoundMethod.php(36): Illuminate\\Database\\Console\\Migrations\\FreshCommand->handle()
#18 /opt/lampp/htdocs/instagram/vendor/laravel/framework/src/Illuminate/Container/Util.php(37): Illuminate\\Container\\BoundMethod::Illuminate\\Container\\{closure}()
#19 /opt/lampp/htdocs/instagram/vendor/laravel/framework/src/Illuminate/Container/BoundMethod.php(93): Illuminate\\Container\\Util::unwrapIfClosure()
#20 /opt/lampp/htdocs/instagram/vendor/laravel/framework/src/Illuminate/Container/BoundMethod.php(37): Illuminate\\Container\\BoundMethod::callBoundMethod()
#21 /opt/lampp/htdocs/instagram/vendor/laravel/framework/src/Illuminate/Container/Container.php(596): Illuminate\\Container\\BoundMethod::call()
#22 /opt/lampp/htdocs/instagram/vendor/laravel/framework/src/Illuminate/Console/Command.php(134): Illuminate\\Container\\Container->call()
#23 /opt/lampp/htdocs/instagram/vendor/symfony/console/Command/Command.php(258): Illuminate\\Console\\Command->execute()
#24 /opt/lampp/htdocs/instagram/vendor/laravel/framework/src/Illuminate/Console/Command.php(121): Symfony\\Component\\Console\\Command\\Command->run()
#25 /opt/lampp/htdocs/instagram/vendor/symfony/console/Application.php(920): Illuminate\\Console\\Command->run()
#26 /opt/lampp/htdocs/instagram/vendor/symfony/console/Application.php(266): Symfony\\Component\\Console\\Application->doRunCommand()
#27 /opt/lampp/htdocs/instagram/vendor/symfony/console/Application.php(142): Symfony\\Component\\Console\\Application->doRun()
#28 /opt/lampp/htdocs/instagram/vendor/laravel/framework/src/Illuminate/Console/Application.php(93): Symfony\\Component\\Console\\Application->run()
#29 /opt/lampp/htdocs/instagram/vendor/laravel/framework/src/Illuminate/Foundation/Console/Kernel.php(129): Illuminate\\Console\\Application->run()
#30 /opt/lampp/htdocs/instagram/artisan(37): Illuminate\\Foundation\\Console\\Kernel->handle()
#31 {main}

[previous exception] [object] (PDOException(code: 1049): SQLSTATE[HY000] [1049] Unknown database 'instagram' at /opt/lampp/htdocs/instagram/vendor/laravel/framework/src/Illuminate/Database/Connectors/Connector.php:70)
[stacktrace]
#0 /opt/lampp/htdocs/instagram/vendor/laravel/framework/src/Illuminate/Database/Connectors/Connector.php(70): PDO->__construct()
#1 /opt/lampp/htdocs/instagram/vendor/laravel/framework/src/Illuminate/Database/Connectors/Connector.php(46): Illuminate\\Database\\Connectors\\Connector->createPdoConnection()
#2 /opt/lampp/htdocs/instagram/vendor/laravel/framework/src/Illuminate/Database/Connectors/MySqlConnector.php(24): Illuminate\\Database\\Connectors\\Connector->createConnection()
#3 /opt/lampp/htdocs/instagram/vendor/laravel/framework/src/Illuminate/Database/Connectors/ConnectionFactory.php(184): Illuminate\\Database\\Connectors\\MySqlConnector->connect()
#4 [internal function]: Illuminate\\Database\\Connectors\\ConnectionFactory->Illuminate\\Database\\Connectors\\{closure}()
#5 /opt/lampp/htdocs/instagram/vendor/laravel/framework/src/Illuminate/Database/Connection.php(926): call_user_func()
#6 /opt/lampp/htdocs/instagram/vendor/laravel/framework/src/Illuminate/Database/Connection.php(961): Illuminate\\Database\\Connection->getPdo()
#7 /opt/lampp/htdocs/instagram/vendor/laravel/framework/src/Illuminate/Database/Connection.php(405): Illuminate\\Database\\Connection->getReadPdo()
#8 /opt/lampp/htdocs/instagram/vendor/laravel/framework/src/Illuminate/Database/Connection.php(331): Illuminate\\Database\\Connection->getPdoForSelect()
#9 /opt/lampp/htdocs/instagram/vendor/laravel/framework/src/Illuminate/Database/Connection.php(664): Illuminate\\Database\\Connection->Illuminate\\Database\\{closure}()
#10 /opt/lampp/htdocs/instagram/vendor/laravel/framework/src/Illuminate/Database/Connection.php(631): Illuminate\\Database\\Connection->runQueryCallback()
#11 /opt/lampp/htdocs/instagram/vendor/laravel/framework/src/Illuminate/Database/Connection.php(339): Illuminate\\Database\\Connection->run()
#12 /opt/lampp/htdocs/instagram/vendor/laravel/framework/src/Illuminate/Database/Schema/MySqlBuilder.php(99): Illuminate\\Database\\Connection->select()
#13 /opt/lampp/htdocs/instagram/vendor/laravel/framework/src/Illuminate/Database/Schema/MySqlBuilder.php(48): Illuminate\\Database\\Schema\\MySqlBuilder->getAllTables()
#14 /opt/lampp/htdocs/instagram/vendor/laravel/framework/src/Illuminate/Database/Console/WipeCommand.php(69): Illuminate\\Database\\Schema\\MySqlBuilder->dropAllTables()
#15 /opt/lampp/htdocs/instagram/vendor/laravel/framework/src/Illuminate/Database/Console/WipeCommand.php(46): Illuminate\\Database\\Console\\WipeCommand->dropAllTables()
#16 /opt/lampp/htdocs/instagram/vendor/laravel/framework/src/Illuminate/Container/BoundMethod.php(36): Illuminate\\Database\\Console\\WipeCommand->handle()
#17 /opt/lampp/htdocs/instagram/vendor/laravel/framework/src/Illuminate/Container/Util.php(37): Illuminate\\Container\\BoundMethod::Illuminate\\Container\\{closure}()
#18 /opt/lampp/htdocs/instagram/vendor/laravel/framework/src/Illuminate/Container/BoundMethod.php(93): Illuminate\\Container\\Util::unwrapIfClosure()
#19 /opt/lampp/htdocs/instagram/vendor/laravel/framework/src/Illuminate/Container/BoundMethod.php(37): Illuminate\\Container\\BoundMethod::callBoundMethod()
#20 /opt/lampp/htdocs/instagram/vendor/laravel/framework/src/Illuminate/Container/Container.php(596): Illuminate\\Container\\BoundMethod::call()
#21 /opt/lampp/htdocs/instagram/vendor/laravel/framework/src/Illuminate/Console/Command.php(134): Illuminate\\Container\\Container->call()
#22 /opt/lampp/htdocs/instagram/vendor/symfony/console/Command/Command.php(258): Illuminate\\Console\\Command->execute()
#23 /opt/lampp/htdocs/instagram/vendor/laravel/framework/src/Illuminate/Console/Command.php(121): Symfony\\Component\\Console\\Command\\Command->run()
#24 /opt/lampp/htdocs/instagram/vendor/laravel/framework/src/Illuminate/Console/Concerns/CallsCommands.php(56): Illuminate\\Console\\Command->run()
#25 /opt/lampp/htdocs/instagram/vendor/laravel/framework/src/Illuminate/Console/Concerns/CallsCommands.php(28): Illuminate\\Console\\Command->runCommand()
#26 /opt/lampp/htdocs/instagram/vendor/laravel/framework/src/Illuminate/Database/Console/Migrations/FreshCommand.php(41): Illuminate\\Console\\Command->call()
#27 /opt/lampp/htdocs/instagram/vendor/laravel/framework/src/Illuminate/Container/BoundMethod.php(36): Illuminate\\Database\\Console\\Migrations\\FreshCommand->handle()
#28 /opt/lampp/htdocs/instagram/vendor/laravel/framework/src/Illuminate/Container/Util.php(37): Illuminate\\Container\\BoundMethod::Illuminate\\Container\\{closure}()
#29 /opt/lampp/htdocs/instagram/vendor/laravel/framework/src/Illuminate/Container/BoundMethod.php(93): Illuminate\\Container\\Util::unwrapIfClosure()
#30 /opt/lampp/htdocs/instagram/vendor/laravel/framework/src/Illuminate/Container/BoundMethod.php(37): Illuminate\\Container\\BoundMethod::callBoundMethod()
#31 /opt/lampp/htdocs/instagram/vendor/laravel/framework/src/Illuminate/Container/Container.php(596): Illuminate\\Container\\BoundMethod::call()
#32 /opt/lampp/htdocs/instagram/vendor/laravel/framework/src/Illuminate/Console/Command.php(134): Illuminate\\Container\\Container->call()
#33 /opt/lampp/htdocs/instagram/vendor/symfony/console/Command/Command.php(258): Illuminate\\Console\\Command->execute()
#34 /opt/lampp/htdocs/instagram/vendor/laravel/framework/src/Illuminate/Console/Command.php(121): Symfony\\Component\\Console\\Command\\Command->run()
#35 /opt/lampp/htdocs/instagram/vendor/symfony/console/Application.php(920): Illuminate\\Console\\Command->run()
#36 /opt/lampp/htdocs/instagram/vendor/symfony/console/Application.php(266): Symfony\\Component\\Console\\Application->doRunCommand()
#37 /opt/lampp/htdocs/instagram/vendor/symfony/console/Application.php(142): Symfony\\Component\\Console\\Application->doRun()
#38 /opt/lampp/htdocs/instagram/vendor/laravel/framework/src/Illuminate/Console/Application.php(93): Symfony\\Component\\Console\\Application->run()
#39 /opt/lampp/htdocs/instagram/vendor/laravel/framework/src/Illuminate/Foundation/Console/Kernel.php(129): Illuminate\\Console\\Application->run()
#40 /opt/lampp/htdocs/instagram/artisan(37): Illuminate\\Foundation\\Console\\Kernel->handle()
#41 {main}
"} 
[2021-02-01 13:38:54] local.ERROR: SQLSTATE[HY000] [1049] Unknown database 'instagram' (SQL: SHOW FULL TABLES WHERE table_type = 'BASE TABLE') {"exception":"[object] (Illuminate\\Database\\QueryException(code: 1049): SQLSTATE[HY000] [1049] Unknown database 'instagram' (SQL: SHOW FULL TABLES WHERE table_type = 'BASE TABLE') at /opt/lampp/htdocs/instagram/vendor/laravel/framework/src/Illuminate/Database/Connection.php:671)
[stacktrace]
#0 /opt/lampp/htdocs/instagram/vendor/laravel/framework/src/Illuminate/Database/Connection.php(631): Illuminate\\Database\\Connection->runQueryCallback()
#1 /opt/lampp/htdocs/instagram/vendor/laravel/framework/src/Illuminate/Database/Connection.php(339): Illuminate\\Database\\Connection->run()
#2 /opt/lampp/htdocs/instagram/vendor/laravel/framework/src/Illuminate/Database/Schema/MySqlBuilder.php(99): Illuminate\\Database\\Connection->select()
#3 /opt/lampp/htdocs/instagram/vendor/laravel/framework/src/Illuminate/Database/Schema/MySqlBuilder.php(48): Illuminate\\Database\\Schema\\MySqlBuilder->getAllTables()
#4 /opt/lampp/htdocs/instagram/vendor/laravel/framework/src/Illuminate/Database/Console/WipeCommand.php(69): Illuminate\\Database\\Schema\\MySqlBuilder->dropAllTables()
#5 /opt/lampp/htdocs/instagram/vendor/laravel/framework/src/Illuminate/Database/Console/WipeCommand.php(46): Illuminate\\Database\\Console\\WipeCommand->dropAllTables()
#6 /opt/lampp/htdocs/instagram/vendor/laravel/framework/src/Illuminate/Container/BoundMethod.php(36): Illuminate\\Database\\Console\\WipeCommand->handle()
#7 /opt/lampp/htdocs/instagram/vendor/laravel/framework/src/Illuminate/Container/Util.php(37): Illuminate\\Container\\BoundMethod::Illuminate\\Container\\{closure}()
#8 /opt/lampp/htdocs/instagram/vendor/laravel/framework/src/Illuminate/Container/BoundMethod.php(93): Illuminate\\Container\\Util::unwrapIfClosure()
#9 /opt/lampp/htdocs/instagram/vendor/laravel/framework/src/Illuminate/Container/BoundMethod.php(37): Illuminate\\Container\\BoundMethod::callBoundMethod()
#10 /opt/lampp/htdocs/instagram/vendor/laravel/framework/src/Illuminate/Container/Container.php(596): Illuminate\\Container\\BoundMethod::call()
#11 /opt/lampp/htdocs/instagram/vendor/laravel/framework/src/Illuminate/Console/Command.php(134): Illuminate\\Container\\Container->call()
#12 /opt/lampp/htdocs/instagram/vendor/symfony/console/Command/Command.php(258): Illuminate\\Console\\Command->execute()
#13 /opt/lampp/htdocs/instagram/vendor/laravel/framework/src/Illuminate/Console/Command.php(121): Symfony\\Component\\Console\\Command\\Command->run()
#14 /opt/lampp/htdocs/instagram/vendor/laravel/framework/src/Illuminate/Console/Concerns/CallsCommands.php(56): Illuminate\\Console\\Command->run()
#15 /opt/lampp/htdocs/instagram/vendor/laravel/framework/src/Illuminate/Console/Concerns/CallsCommands.php(28): Illuminate\\Console\\Command->runCommand()
#16 /opt/lampp/htdocs/instagram/vendor/laravel/framework/src/Illuminate/Database/Console/Migrations/FreshCommand.php(41): Illuminate\\Console\\Command->call()
#17 /opt/lampp/htdocs/instagram/vendor/laravel/framework/src/Illuminate/Container/BoundMethod.php(36): Illuminate\\Database\\Console\\Migrations\\FreshCommand->handle()
#18 /opt/lampp/htdocs/instagram/vendor/laravel/framework/src/Illuminate/Container/Util.php(37): Illuminate\\Container\\BoundMethod::Illuminate\\Container\\{closure}()
#19 /opt/lampp/htdocs/instagram/vendor/laravel/framework/src/Illuminate/Container/BoundMethod.php(93): Illuminate\\Container\\Util::unwrapIfClosure()
#20 /opt/lampp/htdocs/instagram/vendor/laravel/framework/src/Illuminate/Container/BoundMethod.php(37): Illuminate\\Container\\BoundMethod::callBoundMethod()
#21 /opt/lampp/htdocs/instagram/vendor/laravel/framework/src/Illuminate/Container/Container.php(596): Illuminate\\Container\\BoundMethod::call()
#22 /opt/lampp/htdocs/instagram/vendor/laravel/framework/src/Illuminate/Console/Command.php(134): Illuminate\\Container\\Container->call()
#23 /opt/lampp/htdocs/instagram/vendor/symfony/console/Command/Command.php(258): Illuminate\\Console\\Command->execute()
#24 /opt/lampp/htdocs/instagram/vendor/laravel/framework/src/Illuminate/Console/Command.php(121): Symfony\\Component\\Console\\Command\\Command->run()
#25 /opt/lampp/htdocs/instagram/vendor/symfony/console/Application.php(920): Illuminate\\Console\\Command->run()
#26 /opt/lampp/htdocs/instagram/vendor/symfony/console/Application.php(266): Symfony\\Component\\Console\\Application->doRunCommand()
#27 /opt/lampp/htdocs/instagram/vendor/symfony/console/Application.php(142): Symfony\\Component\\Console\\Application->doRun()
#28 /opt/lampp/htdocs/instagram/vendor/laravel/framework/src/Illuminate/Console/Application.php(93): Symfony\\Component\\Console\\Application->run()
#29 /opt/lampp/htdocs/instagram/vendor/laravel/framework/src/Illuminate/Foundation/Console/Kernel.php(129): Illuminate\\Console\\Application->run()
#30 /opt/lampp/htdocs/instagram/artisan(37): Illuminate\\Foundation\\Console\\Kernel->handle()
#31 {main}

[previous exception] [object] (PDOException(code: 1049): SQLSTATE[HY000] [1049] Unknown database 'instagram' at /opt/lampp/htdocs/instagram/vendor/laravel/framework/src/Illuminate/Database/Connectors/Connector.php:70)
[stacktrace]
#0 /opt/lampp/htdocs/instagram/vendor/laravel/framework/src/Illuminate/Database/Connectors/Connector.php(70): PDO->__construct()
#1 /opt/lampp/htdocs/instagram/vendor/laravel/framework/src/Illuminate/Database/Connectors/Connector.php(46): Illuminate\\Database\\Connectors\\Connector->createPdoConnection()
#2 /opt/lampp/htdocs/instagram/vendor/laravel/framework/src/Illuminate/Database/Connectors/MySqlConnector.php(24): Illuminate\\Database\\Connectors\\Connector->createConnection()
#3 /opt/lampp/htdocs/instagram/vendor/laravel/framework/src/Illuminate/Database/Connectors/ConnectionFactory.php(184): Illuminate\\Database\\Connectors\\MySqlConnector->connect()
#4 [internal function]: Illuminate\\Database\\Connectors\\ConnectionFactory->Illuminate\\Database\\Connectors\\{closure}()
#5 /opt/lampp/htdocs/instagram/vendor/laravel/framework/src/Illuminate/Database/Connection.php(926): call_user_func()
#6 /opt/lampp/htdocs/instagram/vendor/laravel/framework/src/Illuminate/Database/Connection.php(961): Illuminate\\Database\\Connection->getPdo()
#7 /opt/lampp/htdocs/instagram/vendor/laravel/framework/src/Illuminate/Database/Connection.php(405): Illuminate\\Database\\Connection->getReadPdo()
#8 /opt/lampp/htdocs/instagram/vendor/laravel/framework/src/Illuminate/Database/Connection.php(331): Illuminate\\Database\\Connection->getPdoForSelect()
#9 /opt/lampp/htdocs/instagram/vendor/laravel/framework/src/Illuminate/Database/Connection.php(664): Illuminate\\Database\\Connection->Illuminate\\Database\\{closure}()
#10 /opt/lampp/htdocs/instagram/vendor/laravel/framework/src/Illuminate/Database/Connection.php(631): Illuminate\\Database\\Connection->runQueryCallback()
#11 /opt/lampp/htdocs/instagram/vendor/laravel/framework/src/Illuminate/Database/Connection.php(339): Illuminate\\Database\\Connection->run()
#12 /opt/lampp/htdocs/instagram/vendor/laravel/framework/src/Illuminate/Database/Schema/MySqlBuilder.php(99): Illuminate\\Database\\Connection->select()
#13 /opt/lampp/htdocs/instagram/vendor/laravel/framework/src/Illuminate/Database/Schema/MySqlBuilder.php(48): Illuminate\\Database\\Schema\\MySqlBuilder->getAllTables()
#14 /opt/lampp/htdocs/instagram/vendor/laravel/framework/src/Illuminate/Database/Console/WipeCommand.php(69): Illuminate\\Database\\Schema\\MySqlBuilder->dropAllTables()
#15 /opt/lampp/htdocs/instagram/vendor/laravel/framework/src/Illuminate/Database/Console/WipeCommand.php(46): Illuminate\\Database\\Console\\WipeCommand->dropAllTables()
#16 /opt/lampp/htdocs/instagram/vendor/laravel/framework/src/Illuminate/Container/BoundMethod.php(36): Illuminate\\Database\\Console\\WipeCommand->handle()
#17 /opt/lampp/htdocs/instagram/vendor/laravel/framework/src/Illuminate/Container/Util.php(37): Illuminate\\Container\\BoundMethod::Illuminate\\Container\\{closure}()
#18 /opt/lampp/htdocs/instagram/vendor/laravel/framework/src/Illuminate/Container/BoundMethod.php(93): Illuminate\\Container\\Util::unwrapIfClosure()
#19 /opt/lampp/htdocs/instagram/vendor/laravel/framework/src/Illuminate/Container/BoundMethod.php(37): Illuminate\\Container\\BoundMethod::callBoundMethod()
#20 /opt/lampp/htdocs/instagram/vendor/laravel/framework/src/Illuminate/Container/Container.php(596): Illuminate\\Container\\BoundMethod::call()
#21 /opt/lampp/htdocs/instagram/vendor/laravel/framework/src/Illuminate/Console/Command.php(134): Illuminate\\Container\\Container->call()
#22 /opt/lampp/htdocs/instagram/vendor/symfony/console/Command/Command.php(258): Illuminate\\Console\\Command->execute()
#23 /opt/lampp/htdocs/instagram/vendor/laravel/framework/src/Illuminate/Console/Command.php(121): Symfony\\Component\\Console\\Command\\Command->run()
#24 /opt/lampp/htdocs/instagram/vendor/laravel/framework/src/Illuminate/Console/Concerns/CallsCommands.php(56): Illuminate\\Console\\Command->run()
#25 /opt/lampp/htdocs/instagram/vendor/laravel/framework/src/Illuminate/Console/Concerns/CallsCommands.php(28): Illuminate\\Console\\Command->runCommand()
#26 /opt/lampp/htdocs/instagram/vendor/laravel/framework/src/Illuminate/Database/Console/Migrations/FreshCommand.php(41): Illuminate\\Console\\Command->call()
#27 /opt/lampp/htdocs/instagram/vendor/laravel/framework/src/Illuminate/Container/BoundMethod.php(36): Illuminate\\Database\\Console\\Migrations\\FreshCommand->handle()
#28 /opt/lampp/htdocs/instagram/vendor/laravel/framework/src/Illuminate/Container/Util.php(37): Illuminate\\Container\\BoundMethod::Illuminate\\Container\\{closure}()
#29 /opt/lampp/htdocs/instagram/vendor/laravel/framework/src/Illuminate/Container/BoundMethod.php(93): Illuminate\\Container\\Util::unwrapIfClosure()
#30 /opt/lampp/htdocs/instagram/vendor/laravel/framework/src/Illuminate/Container/BoundMethod.php(37): Illuminate\\Container\\BoundMethod::callBoundMethod()
#31 /opt/lampp/htdocs/instagram/vendor/laravel/framework/src/Illuminate/Container/Container.php(596): Illuminate\\Container\\BoundMethod::call()
#32 /opt/lampp/htdocs/instagram/vendor/laravel/framework/src/Illuminate/Console/Command.php(134): Illuminate\\Container\\Container->call()
#33 /opt/lampp/htdocs/instagram/vendor/symfony/console/Command/Command.php(258): Illuminate\\Console\\Command->execute()
#34 /opt/lampp/htdocs/instagram/vendor/laravel/framework/src/Illuminate/Console/Command.php(121): Symfony\\Component\\Console\\Command\\Command->run()
#35 /opt/lampp/htdocs/instagram/vendor/symfony/console/Application.php(920): Illuminate\\Console\\Command->run()
#36 /opt/lampp/htdocs/instagram/vendor/symfony/console/Application.php(266): Symfony\\Component\\Console\\Application->doRunCommand()
#37 /opt/lampp/htdocs/instagram/vendor/symfony/console/Application.php(142): Symfony\\Component\\Console\\Application->doRun()
#38 /opt/lampp/htdocs/instagram/vendor/laravel/framework/src/Illuminate/Console/Application.php(93): Symfony\\Component\\Console\\Application->run()
#39 /opt/lampp/htdocs/instagram/vendor/laravel/framework/src/Illuminate/Foundation/Console/Kernel.php(129): Illuminate\\Console\\Application->run()
#40 /opt/lampp/htdocs/instagram/artisan(37): Illuminate\\Foundation\\Console\\Kernel->handle()
#41 {main}
"} 
[2021-02-01 13:39:04] local.ERROR: SQLSTATE[HY000] [1049] Unknown database 'instagram' (SQL: SHOW FULL TABLES WHERE table_type = 'BASE TABLE') {"exception":"[object] (Illuminate\\Database\\QueryException(code: 1049): SQLSTATE[HY000] [1049] Unknown database 'instagram' (SQL: SHOW FULL TABLES WHERE table_type = 'BASE TABLE') at /opt/lampp/htdocs/instagram/vendor/laravel/framework/src/Illuminate/Database/Connection.php:671)
[stacktrace]
#0 /opt/lampp/htdocs/instagram/vendor/laravel/framework/src/Illuminate/Database/Connection.php(631): Illuminate\\Database\\Connection->runQueryCallback()
#1 /opt/lampp/htdocs/instagram/vendor/laravel/framework/src/Illuminate/Database/Connection.php(339): Illuminate\\Database\\Connection->run()
#2 /opt/lampp/htdocs/instagram/vendor/laravel/framework/src/Illuminate/Database/Schema/MySqlBuilder.php(99): Illuminate\\Database\\Connection->select()
#3 /opt/lampp/htdocs/instagram/vendor/laravel/framework/src/Illuminate/Database/Schema/MySqlBuilder.php(48): Illuminate\\Database\\Schema\\MySqlBuilder->getAllTables()
#4 /opt/lampp/htdocs/instagram/vendor/laravel/framework/src/Illuminate/Database/Console/WipeCommand.php(69): Illuminate\\Database\\Schema\\MySqlBuilder->dropAllTables()
#5 /opt/lampp/htdocs/instagram/vendor/laravel/framework/src/Illuminate/Database/Console/WipeCommand.php(46): Illuminate\\Database\\Console\\WipeCommand->dropAllTables()
#6 /opt/lampp/htdocs/instagram/vendor/laravel/framework/src/Illuminate/Container/BoundMethod.php(36): Illuminate\\Database\\Console\\WipeCommand->handle()
#7 /opt/lampp/htdocs/instagram/vendor/laravel/framework/src/Illuminate/Container/Util.php(37): Illuminate\\Container\\BoundMethod::Illuminate\\Container\\{closure}()
#8 /opt/lampp/htdocs/instagram/vendor/laravel/framework/src/Illuminate/Container/BoundMethod.php(93): Illuminate\\Container\\Util::unwrapIfClosure()
#9 /opt/lampp/htdocs/instagram/vendor/laravel/framework/src/Illuminate/Container/BoundMethod.php(37): Illuminate\\Container\\BoundMethod::callBoundMethod()
#10 /opt/lampp/htdocs/instagram/vendor/laravel/framework/src/Illuminate/Container/Container.php(596): Illuminate\\Container\\BoundMethod::call()
#11 /opt/lampp/htdocs/instagram/vendor/laravel/framework/src/Illuminate/Console/Command.php(134): Illuminate\\Container\\Container->call()
#12 /opt/lampp/htdocs/instagram/vendor/symfony/console/Command/Command.php(258): Illuminate\\Console\\Command->execute()
#13 /opt/lampp/htdocs/instagram/vendor/laravel/framework/src/Illuminate/Console/Command.php(121): Symfony\\Component\\Console\\Command\\Command->run()
#14 /opt/lampp/htdocs/instagram/vendor/laravel/framework/src/Illuminate/Console/Concerns/CallsCommands.php(56): Illuminate\\Console\\Command->run()
#15 /opt/lampp/htdocs/instagram/vendor/laravel/framework/src/Illuminate/Console/Concerns/CallsCommands.php(28): Illuminate\\Console\\Command->runCommand()
#16 /opt/lampp/htdocs/instagram/vendor/laravel/framework/src/Illuminate/Database/Console/Migrations/FreshCommand.php(41): Illuminate\\Console\\Command->call()
#17 /opt/lampp/htdocs/instagram/vendor/laravel/framework/src/Illuminate/Container/BoundMethod.php(36): Illuminate\\Database\\Console\\Migrations\\FreshCommand->handle()
#18 /opt/lampp/htdocs/instagram/vendor/laravel/framework/src/Illuminate/Container/Util.php(37): Illuminate\\Container\\BoundMethod::Illuminate\\Container\\{closure}()
#19 /opt/lampp/htdocs/instagram/vendor/laravel/framework/src/Illuminate/Container/BoundMethod.php(93): Illuminate\\Container\\Util::unwrapIfClosure()
#20 /opt/lampp/htdocs/instagram/vendor/laravel/framework/src/Illuminate/Container/BoundMethod.php(37): Illuminate\\Container\\BoundMethod::callBoundMethod()
#21 /opt/lampp/htdocs/instagram/vendor/laravel/framework/src/Illuminate/Container/Container.php(596): Illuminate\\Container\\BoundMethod::call()
#22 /opt/lampp/htdocs/instagram/vendor/laravel/framework/src/Illuminate/Console/Command.php(134): Illuminate\\Container\\Container->call()
#23 /opt/lampp/htdocs/instagram/vendor/symfony/console/Command/Command.php(258): Illuminate\\Console\\Command->execute()
#24 /opt/lampp/htdocs/instagram/vendor/laravel/framework/src/Illuminate/Console/Command.php(121): Symfony\\Component\\Console\\Command\\Command->run()
#25 /opt/lampp/htdocs/instagram/vendor/symfony/console/Application.php(920): Illuminate\\Console\\Command->run()
#26 /opt/lampp/htdocs/instagram/vendor/symfony/console/Application.php(266): Symfony\\Component\\Console\\Application->doRunCommand()
#27 /opt/lampp/htdocs/instagram/vendor/symfony/console/Application.php(142): Symfony\\Component\\Console\\Application->doRun()
#28 /opt/lampp/htdocs/instagram/vendor/laravel/framework/src/Illuminate/Console/Application.php(93): Symfony\\Component\\Console\\Application->run()
#29 /opt/lampp/htdocs/instagram/vendor/laravel/framework/src/Illuminate/Foundation/Console/Kernel.php(129): Illuminate\\Console\\Application->run()
#30 /opt/lampp/htdocs/instagram/artisan(37): Illuminate\\Foundation\\Console\\Kernel->handle()
#31 {main}

[previous exception] [object] (PDOException(code: 1049): SQLSTATE[HY000] [1049] Unknown database 'instagram' at /opt/lampp/htdocs/instagram/vendor/laravel/framework/src/Illuminate/Database/Connectors/Connector.php:70)
[stacktrace]
#0 /opt/lampp/htdocs/instagram/vendor/laravel/framework/src/Illuminate/Database/Connectors/Connector.php(70): PDO->__construct()
#1 /opt/lampp/htdocs/instagram/vendor/laravel/framework/src/Illuminate/Database/Connectors/Connector.php(46): Illuminate\\Database\\Connectors\\Connector->createPdoConnection()
#2 /opt/lampp/htdocs/instagram/vendor/laravel/framework/src/Illuminate/Database/Connectors/MySqlConnector.php(24): Illuminate\\Database\\Connectors\\Connector->createConnection()
#3 /opt/lampp/htdocs/instagram/vendor/laravel/framework/src/Illuminate/Database/Connectors/ConnectionFactory.php(184): Illuminate\\Database\\Connectors\\MySqlConnector->connect()
#4 [internal function]: Illuminate\\Database\\Connectors\\ConnectionFactory->Illuminate\\Database\\Connectors\\{closure}()
#5 /opt/lampp/htdocs/instagram/vendor/laravel/framework/src/Illuminate/Database/Connection.php(926): call_user_func()
#6 /opt/lampp/htdocs/instagram/vendor/laravel/framework/src/Illuminate/Database/Connection.php(961): Illuminate\\Database\\Connection->getPdo()
#7 /opt/lampp/htdocs/instagram/vendor/laravel/framework/src/Illuminate/Database/Connection.php(405): Illuminate\\Database\\Connection->getReadPdo()
#8 /opt/lampp/htdocs/instagram/vendor/laravel/framework/src/Illuminate/Database/Connection.php(331): Illuminate\\Database\\Connection->getPdoForSelect()
#9 /opt/lampp/htdocs/instagram/vendor/laravel/framework/src/Illuminate/Database/Connection.php(664): Illuminate\\Database\\Connection->Illuminate\\Database\\{closure}()
#10 /opt/lampp/htdocs/instagram/vendor/laravel/framework/src/Illuminate/Database/Connection.php(631): Illuminate\\Database\\Connection->runQueryCallback()
#11 /opt/lampp/htdocs/instagram/vendor/laravel/framework/src/Illuminate/Database/Connection.php(339): Illuminate\\Database\\Connection->run()
#12 /opt/lampp/htdocs/instagram/vendor/laravel/framework/src/Illuminate/Database/Schema/MySqlBuilder.php(99): Illuminate\\Database\\Connection->select()
#13 /opt/lampp/htdocs/instagram/vendor/laravel/framework/src/Illuminate/Database/Schema/MySqlBuilder.php(48): Illuminate\\Database\\Schema\\MySqlBuilder->getAllTables()
#14 /opt/lampp/htdocs/instagram/vendor/laravel/framework/src/Illuminate/Database/Console/WipeCommand.php(69): Illuminate\\Database\\Schema\\MySqlBuilder->dropAllTables()
#15 /opt/lampp/htdocs/instagram/vendor/laravel/framework/src/Illuminate/Database/Console/WipeCommand.php(46): Illuminate\\Database\\Console\\WipeCommand->dropAllTables()
#16 /opt/lampp/htdocs/instagram/vendor/laravel/framework/src/Illuminate/Container/BoundMethod.php(36): Illuminate\\Database\\Console\\WipeCommand->handle()
#17 /opt/lampp/htdocs/instagram/vendor/laravel/framework/src/Illuminate/Container/Util.php(37): Illuminate\\Container\\BoundMethod::Illuminate\\Container\\{closure}()
#18 /opt/lampp/htdocs/instagram/vendor/laravel/framework/src/Illuminate/Container/BoundMethod.php(93): Illuminate\\Container\\Util::unwrapIfClosure()
#19 /opt/lampp/htdocs/instagram/vendor/laravel/framework/src/Illuminate/Container/BoundMethod.php(37): Illuminate\\Container\\BoundMethod::callBoundMethod()
#20 /opt/lampp/htdocs/instagram/vendor/laravel/framework/src/Illuminate/Container/Container.php(596): Illuminate\\Container\\BoundMethod::call()
#21 /opt/lampp/htdocs/instagram/vendor/laravel/framework/src/Illuminate/Console/Command.php(134): Illuminate\\Container\\Container->call()
#22 /opt/lampp/htdocs/instagram/vendor/symfony/console/Command/Command.php(258): Illuminate\\Console\\Command->execute()
#23 /opt/lampp/htdocs/instagram/vendor/laravel/framework/src/Illuminate/Console/Command.php(121): Symfony\\Component\\Console\\Command\\Command->run()
#24 /opt/lampp/htdocs/instagram/vendor/laravel/framework/src/Illuminate/Console/Concerns/CallsCommands.php(56): Illuminate\\Console\\Command->run()
#25 /opt/lampp/htdocs/instagram/vendor/laravel/framework/src/Illuminate/Console/Concerns/CallsCommands.php(28): Illuminate\\Console\\Command->runCommand()
#26 /opt/lampp/htdocs/instagram/vendor/laravel/framework/src/Illuminate/Database/Console/Migrations/FreshCommand.php(41): Illuminate\\Console\\Command->call()
#27 /opt/lampp/htdocs/instagram/vendor/laravel/framework/src/Illuminate/Container/BoundMethod.php(36): Illuminate\\Database\\Console\\Migrations\\FreshCommand->handle()
#28 /opt/lampp/htdocs/instagram/vendor/laravel/framework/src/Illuminate/Container/Util.php(37): Illuminate\\Container\\BoundMethod::Illuminate\\Container\\{closure}()
#29 /opt/lampp/htdocs/instagram/vendor/laravel/framework/src/Illuminate/Container/BoundMethod.php(93): Illuminate\\Container\\Util::unwrapIfClosure()
#30 /opt/lampp/htdocs/instagram/vendor/laravel/framework/src/Illuminate/Container/BoundMethod.php(37): Illuminate\\Container\\BoundMethod::callBoundMethod()
#31 /opt/lampp/htdocs/instagram/vendor/laravel/framework/src/Illuminate/Container/Container.php(596): Illuminate\\Container\\BoundMethod::call()
#32 /opt/lampp/htdocs/instagram/vendor/laravel/framework/src/Illuminate/Console/Command.php(134): Illuminate\\Container\\Container->call()
#33 /opt/lampp/htdocs/instagram/vendor/symfony/console/Command/Command.php(258): Illuminate\\Console\\Command->execute()
#34 /opt/lampp/htdocs/instagram/vendor/laravel/framework/src/Illuminate/Console/Command.php(121): Symfony\\Component\\Console\\Command\\Command->run()
#35 /opt/lampp/htdocs/instagram/vendor/symfony/console/Application.php(920): Illuminate\\Console\\Command->run()
#36 /opt/lampp/htdocs/instagram/vendor/symfony/console/Application.php(266): Symfony\\Component\\Console\\Application->doRunCommand()
#37 /opt/lampp/htdocs/instagram/vendor/symfony/console/Application.php(142): Symfony\\Component\\Console\\Application->doRun()
#38 /opt/lampp/htdocs/instagram/vendor/laravel/framework/src/Illuminate/Console/Application.php(93): Symfony\\Component\\Console\\Application->run()
#39 /opt/lampp/htdocs/instagram/vendor/laravel/framework/src/Illuminate/Foundation/Console/Kernel.php(129): Illuminate\\Console\\Application->run()
#40 /opt/lampp/htdocs/instagram/artisan(37): Illuminate\\Foundation\\Console\\Kernel->handle()
#41 {main}
"} 
[2021-02-01 13:39:52] local.ERROR: SQLSTATE[HY000] [1049] Unknown database 'instagram' (SQL: SHOW FULL TABLES WHERE table_type = 'BASE TABLE') {"exception":"[object] (Illuminate\\Database\\QueryException(code: 1049): SQLSTATE[HY000] [1049] Unknown database 'instagram' (SQL: SHOW FULL TABLES WHERE table_type = 'BASE TABLE') at /opt/lampp/htdocs/instagram/vendor/laravel/framework/src/Illuminate/Database/Connection.php:671)
[stacktrace]
#0 /opt/lampp/htdocs/instagram/vendor/laravel/framework/src/Illuminate/Database/Connection.php(631): Illuminate\\Database\\Connection->runQueryCallback()
#1 /opt/lampp/htdocs/instagram/vendor/laravel/framework/src/Illuminate/Database/Connection.php(339): Illuminate\\Database\\Connection->run()
#2 /opt/lampp/htdocs/instagram/vendor/laravel/framework/src/Illuminate/Database/Schema/MySqlBuilder.php(99): Illuminate\\Database\\Connection->select()
#3 /opt/lampp/htdocs/instagram/vendor/laravel/framework/src/Illuminate/Database/Schema/MySqlBuilder.php(48): Illuminate\\Database\\Schema\\MySqlBuilder->getAllTables()
#4 /opt/lampp/htdocs/instagram/vendor/laravel/framework/src/Illuminate/Database/Console/WipeCommand.php(69): Illuminate\\Database\\Schema\\MySqlBuilder->dropAllTables()
#5 /opt/lampp/htdocs/instagram/vendor/laravel/framework/src/Illuminate/Database/Console/WipeCommand.php(46): Illuminate\\Database\\Console\\WipeCommand->dropAllTables()
#6 /opt/lampp/htdocs/instagram/vendor/laravel/framework/src/Illuminate/Container/BoundMethod.php(36): Illuminate\\Database\\Console\\WipeCommand->handle()
#7 /opt/lampp/htdocs/instagram/vendor/laravel/framework/src/Illuminate/Container/Util.php(37): Illuminate\\Container\\BoundMethod::Illuminate\\Container\\{closure}()
#8 /opt/lampp/htdocs/instagram/vendor/laravel/framework/src/Illuminate/Container/BoundMethod.php(93): Illuminate\\Container\\Util::unwrapIfClosure()
#9 /opt/lampp/htdocs/instagram/vendor/laravel/framework/src/Illuminate/Container/BoundMethod.php(37): Illuminate\\Container\\BoundMethod::callBoundMethod()
#10 /opt/lampp/htdocs/instagram/vendor/laravel/framework/src/Illuminate/Container/Container.php(596): Illuminate\\Container\\BoundMethod::call()
#11 /opt/lampp/htdocs/instagram/vendor/laravel/framework/src/Illuminate/Console/Command.php(134): Illuminate\\Container\\Container->call()
#12 /opt/lampp/htdocs/instagram/vendor/symfony/console/Command/Command.php(258): Illuminate\\Console\\Command->execute()
#13 /opt/lampp/htdocs/instagram/vendor/laravel/framework/src/Illuminate/Console/Command.php(121): Symfony\\Component\\Console\\Command\\Command->run()
#14 /opt/lampp/htdocs/instagram/vendor/laravel/framework/src/Illuminate/Console/Concerns/CallsCommands.php(56): Illuminate\\Console\\Command->run()
#15 /opt/lampp/htdocs/instagram/vendor/laravel/framework/src/Illuminate/Console/Concerns/CallsCommands.php(28): Illuminate\\Console\\Command->runCommand()
#16 /opt/lampp/htdocs/instagram/vendor/laravel/framework/src/Illuminate/Database/Console/Migrations/FreshCommand.php(41): Illuminate\\Console\\Command->call()
#17 /opt/lampp/htdocs/instagram/vendor/laravel/framework/src/Illuminate/Container/BoundMethod.php(36): Illuminate\\Database\\Console\\Migrations\\FreshCommand->handle()
#18 /opt/lampp/htdocs/instagram/vendor/laravel/framework/src/Illuminate/Container/Util.php(37): Illuminate\\Container\\BoundMethod::Illuminate\\Container\\{closure}()
#19 /opt/lampp/htdocs/instagram/vendor/laravel/framework/src/Illuminate/Container/BoundMethod.php(93): Illuminate\\Container\\Util::unwrapIfClosure()
#20 /opt/lampp/htdocs/instagram/vendor/laravel/framework/src/Illuminate/Container/BoundMethod.php(37): Illuminate\\Container\\BoundMethod::callBoundMethod()
#21 /opt/lampp/htdocs/instagram/vendor/laravel/framework/src/Illuminate/Container/Container.php(596): Illuminate\\Container\\BoundMethod::call()
#22 /opt/lampp/htdocs/instagram/vendor/laravel/framework/src/Illuminate/Console/Command.php(134): Illuminate\\Container\\Container->call()
#23 /opt/lampp/htdocs/instagram/vendor/symfony/console/Command/Command.php(258): Illuminate\\Console\\Command->execute()
#24 /opt/lampp/htdocs/instagram/vendor/laravel/framework/src/Illuminate/Console/Command.php(121): Symfony\\Component\\Console\\Command\\Command->run()
#25 /opt/lampp/htdocs/instagram/vendor/symfony/console/Application.php(920): Illuminate\\Console\\Command->run()
#26 /opt/lampp/htdocs/instagram/vendor/symfony/console/Application.php(266): Symfony\\Component\\Console\\Application->doRunCommand()
#27 /opt/lampp/htdocs/instagram/vendor/symfony/console/Application.php(142): Symfony\\Component\\Console\\Application->doRun()
#28 /opt/lampp/htdocs/instagram/vendor/laravel/framework/src/Illuminate/Console/Application.php(93): Symfony\\Component\\Console\\Application->run()
#29 /opt/lampp/htdocs/instagram/vendor/laravel/framework/src/Illuminate/Foundation/Console/Kernel.php(129): Illuminate\\Console\\Application->run()
#30 /opt/lampp/htdocs/instagram/artisan(37): Illuminate\\Foundation\\Console\\Kernel->handle()
#31 {main}

[previous exception] [object] (PDOException(code: 1049): SQLSTATE[HY000] [1049] Unknown database 'instagram' at /opt/lampp/htdocs/instagram/vendor/laravel/framework/src/Illuminate/Database/Connectors/Connector.php:70)
[stacktrace]
#0 /opt/lampp/htdocs/instagram/vendor/laravel/framework/src/Illuminate/Database/Connectors/Connector.php(70): PDO->__construct()
#1 /opt/lampp/htdocs/instagram/vendor/laravel/framework/src/Illuminate/Database/Connectors/Connector.php(46): Illuminate\\Database\\Connectors\\Connector->createPdoConnection()
#2 /opt/lampp/htdocs/instagram/vendor/laravel/framework/src/Illuminate/Database/Connectors/MySqlConnector.php(24): Illuminate\\Database\\Connectors\\Connector->createConnection()
#3 /opt/lampp/htdocs/instagram/vendor/laravel/framework/src/Illuminate/Database/Connectors/ConnectionFactory.php(184): Illuminate\\Database\\Connectors\\MySqlConnector->connect()
#4 [internal function]: Illuminate\\Database\\Connectors\\ConnectionFactory->Illuminate\\Database\\Connectors\\{closure}()
#5 /opt/lampp/htdocs/instagram/vendor/laravel/framework/src/Illuminate/Database/Connection.php(926): call_user_func()
#6 /opt/lampp/htdocs/instagram/vendor/laravel/framework/src/Illuminate/Database/Connection.php(961): Illuminate\\Database\\Connection->getPdo()
#7 /opt/lampp/htdocs/instagram/vendor/laravel/framework/src/Illuminate/Database/Connection.php(405): Illuminate\\Database\\Connection->getReadPdo()
#8 /opt/lampp/htdocs/instagram/vendor/laravel/framework/src/Illuminate/Database/Connection.php(331): Illuminate\\Database\\Connection->getPdoForSelect()
#9 /opt/lampp/htdocs/instagram/vendor/laravel/framework/src/Illuminate/Database/Connection.php(664): Illuminate\\Database\\Connection->Illuminate\\Database\\{closure}()
#10 /opt/lampp/htdocs/instagram/vendor/laravel/framework/src/Illuminate/Database/Connection.php(631): Illuminate\\Database\\Connection->runQueryCallback()
#11 /opt/lampp/htdocs/instagram/vendor/laravel/framework/src/Illuminate/Database/Connection.php(339): Illuminate\\Database\\Connection->run()
#12 /opt/lampp/htdocs/instagram/vendor/laravel/framework/src/Illuminate/Database/Schema/MySqlBuilder.php(99): Illuminate\\Database\\Connection->select()
#13 /opt/lampp/htdocs/instagram/vendor/laravel/framework/src/Illuminate/Database/Schema/MySqlBuilder.php(48): Illuminate\\Database\\Schema\\MySqlBuilder->getAllTables()
#14 /opt/lampp/htdocs/instagram/vendor/laravel/framework/src/Illuminate/Database/Console/WipeCommand.php(69): Illuminate\\Database\\Schema\\MySqlBuilder->dropAllTables()
#15 /opt/lampp/htdocs/instagram/vendor/laravel/framework/src/Illuminate/Database/Console/WipeCommand.php(46): Illuminate\\Database\\Console\\WipeCommand->dropAllTables()
#16 /opt/lampp/htdocs/instagram/vendor/laravel/framework/src/Illuminate/Container/BoundMethod.php(36): Illuminate\\Database\\Console\\WipeCommand->handle()
#17 /opt/lampp/htdocs/instagram/vendor/laravel/framework/src/Illuminate/Container/Util.php(37): Illuminate\\Container\\BoundMethod::Illuminate\\Container\\{closure}()
#18 /opt/lampp/htdocs/instagram/vendor/laravel/framework/src/Illuminate/Container/BoundMethod.php(93): Illuminate\\Container\\Util::unwrapIfClosure()
#19 /opt/lampp/htdocs/instagram/vendor/laravel/framework/src/Illuminate/Container/BoundMethod.php(37): Illuminate\\Container\\BoundMethod::callBoundMethod()
#20 /opt/lampp/htdocs/instagram/vendor/laravel/framework/src/Illuminate/Container/Container.php(596): Illuminate\\Container\\BoundMethod::call()
#21 /opt/lampp/htdocs/instagram/vendor/laravel/framework/src/Illuminate/Console/Command.php(134): Illuminate\\Container\\Container->call()
#22 /opt/lampp/htdocs/instagram/vendor/symfony/console/Command/Command.php(258): Illuminate\\Console\\Command->execute()
#23 /opt/lampp/htdocs/instagram/vendor/laravel/framework/src/Illuminate/Console/Command.php(121): Symfony\\Component\\Console\\Command\\Command->run()
#24 /opt/lampp/htdocs/instagram/vendor/laravel/framework/src/Illuminate/Console/Concerns/CallsCommands.php(56): Illuminate\\Console\\Command->run()
#25 /opt/lampp/htdocs/instagram/vendor/laravel/framework/src/Illuminate/Console/Concerns/CallsCommands.php(28): Illuminate\\Console\\Command->runCommand()
#26 /opt/lampp/htdocs/instagram/vendor/laravel/framework/src/Illuminate/Database/Console/Migrations/FreshCommand.php(41): Illuminate\\Console\\Command->call()
#27 /opt/lampp/htdocs/instagram/vendor/laravel/framework/src/Illuminate/Container/BoundMethod.php(36): Illuminate\\Database\\Console\\Migrations\\FreshCommand->handle()
#28 /opt/lampp/htdocs/instagram/vendor/laravel/framework/src/Illuminate/Container/Util.php(37): Illuminate\\Container\\BoundMethod::Illuminate\\Container\\{closure}()
#29 /opt/lampp/htdocs/instagram/vendor/laravel/framework/src/Illuminate/Container/BoundMethod.php(93): Illuminate\\Container\\Util::unwrapIfClosure()
#30 /opt/lampp/htdocs/instagram/vendor/laravel/framework/src/Illuminate/Container/BoundMethod.php(37): Illuminate\\Container\\BoundMethod::callBoundMethod()
#31 /opt/lampp/htdocs/instagram/vendor/laravel/framework/src/Illuminate/Container/Container.php(596): Illuminate\\Container\\BoundMethod::call()
#32 /opt/lampp/htdocs/instagram/vendor/laravel/framework/src/Illuminate/Console/Command.php(134): Illuminate\\Container\\Container->call()
#33 /opt/lampp/htdocs/instagram/vendor/symfony/console/Command/Command.php(258): Illuminate\\Console\\Command->execute()
#34 /opt/lampp/htdocs/instagram/vendor/laravel/framework/src/Illuminate/Console/Command.php(121): Symfony\\Component\\Console\\Command\\Command->run()
#35 /opt/lampp/htdocs/instagram/vendor/symfony/console/Application.php(920): Illuminate\\Console\\Command->run()
#36 /opt/lampp/htdocs/instagram/vendor/symfony/console/Application.php(266): Symfony\\Component\\Console\\Application->doRunCommand()
#37 /opt/lampp/htdocs/instagram/vendor/symfony/console/Application.php(142): Symfony\\Component\\Console\\Application->doRun()
#38 /opt/lampp/htdocs/instagram/vendor/laravel/framework/src/Illuminate/Console/Application.php(93): Symfony\\Component\\Console\\Application->run()
#39 /opt/lampp/htdocs/instagram/vendor/laravel/framework/src/Illuminate/Foundation/Console/Kernel.php(129): Illuminate\\Console\\Application->run()
#40 /opt/lampp/htdocs/instagram/artisan(37): Illuminate\\Foundation\\Console\\Kernel->handle()
#41 {main}
"} 
